#
# A fatal error has been detected by the Java Runtime Environment:
#
#  EXCEPTION_ACCESS_VIOLATION (0xc0000005) at pc=0x0000000072675f57, pid=14144, tid=0x00000000000032dc
#
# JRE version: OpenJDK Runtime Environment (8.0_212-b04) (build 1.8.0_212-release-1586-b04)
# Java VM: OpenJDK 64-Bit Server VM (25.212-b04 mixed mode windows-amd64 compressed oops)
# Problematic frame:
# V  [jvm.dll+0x3c5f57]
#
# Failed to write core dump. Minidumps are not enabled by default on client versions of Windows
#
# If you would like to submit a bug report, please visit:
#   
#

---------------  T H R E A D  ---------------

Current thread (0x0000000004409000):  GCTaskThread [stack: 0x00000000138b0000,0x00000000139b0000] [id=13020]

siginfo: ExceptionCode=0xc0000005, reading address 0x000000078fc29200

Registers:
RAX=0x0000000000004695, RBX=0x0000000000004a7c, RCX=0x000000078fc29200, RDX=0x00000000044d7e40
RSP=0x00000000139afa30, RBP=0x00000000139afb49, RSI=0x00000000044d7e40, RDI=0x00000000044d7e40
R8 =0x00000000f2298238, R9 =0x000000078fc29200, R10=0x000000000000000c, R11=0x0000000000004a7c
R12=0x00000000728c8cc8, R13=0x0000000004400270, R14=0x0000000004409940, R15=0x0000000000000000
RIP=0x0000000072675f57, EFLAGS=0x0000000000010206

Top of Stack: (sp=0x00000000139afa30)
0x00000000139afa30:   0000000015006420 00000000139afb49
0x00000000139afa40:   00000000044d7e40 00000000728c8cc8
0x00000000139afa50:   0000000015004568 00000000139afb00
0x00000000139afa60:   00000000175be2e0 000000000000000d
0x00000000139afa70:   00000000044d7e40 000000007239e0b2
0x00000000139afa80:   00000000f8aebfa8 0000000000000000
0x00000000139afa90:   0000000000000000 0000000004400270
0x00000000139afaa0:   0000000004409950 0000000004409940
0x00000000139afab0:   00000000728c8cc8 00000000044d7e40
0x00000000139afac0:   0000000000000000 00000000139afb49
0x00000000139afad0:   0000000014b25570 0000000072672e70
0x00000000139afae0:   00000000f2298238 0000000000000000
0x00000000139afaf0:   00000000044d7e40 00000000139afb49
0x00000000139afb00:   00000000728c7c20 00000000043f1b00
0x00000000139afb10:   00000000044d7e40 00000000728c7c48
0x00000000139afb20:   0000000004400200 00000000139afb00 

Instructions: (pc=0x0000000072675f57)
0x0000000072675f37:   b0 00 00 00 74 28 8b 0d d5 a7 39 00 45 8b 48 08
0x0000000072675f47:   48 8b d6 49 d3 e1 4c 03 0d bc a7 39 00 49 8b c9
0x0000000072675f57:   49 8b 01 ff 90 08 01 00 00 e9 1b ff ff ff 4d 8b
0x0000000072675f67:   48 08 48 8b d6 49 8b 01 49 8b c9 ff 90 08 01 00 


Register to memory mapping:

RAX=0x0000000000004695 is an unknown value
RBX=0x0000000000004a7c is an unknown value
RCX=0x000000078fc29200 is an unknown value
RDX=0x00000000044d7e40 is an unknown value
RSP=0x00000000139afa30 is an unknown value
RBP=0x00000000139afb49 is an unknown value
RSI=0x00000000044d7e40 is an unknown value
RDI=0x00000000044d7e40 is an unknown value
R8 =0x00000000f2298238 is an oop
java.util.LinkedHashMap$Entry 
 - klass: 'java/util/LinkedHashMap$Entry'
R9 =0x000000078fc29200 is an unknown value
R10=0x000000000000000c is an unknown value
R11=0x0000000000004a7c is an unknown value
R12=0x00000000728c8cc8 is an unknown value
R13=0x0000000004400270 is an unknown value
R14=0x0000000004409940 is an unknown value
R15=0x0000000000000000 is an unknown value


Stack: [0x00000000138b0000,0x00000000139b0000],  sp=0x00000000139afa30,  free space=1022k
Native frames: (J=compiled Java code, j=interpreted, Vv=VM code, C=native code)
V  [jvm.dll+0x3c5f57]
V  [jvm.dll+0x3c2e70]
V  [jvm.dll+0x3c0a0e]
V  [jvm.dll+0x26f53a]
C  [msvcr100.dll+0x21d9f]
C  [msvcr100.dll+0x21e3b]
C  [KERNEL32.DLL+0x137e4]
C  [ntdll.dll+0x6cb81]


---------------  P R O C E S S  ---------------

Java Threads: ( => current thread )
  0x000000001a6b8800 JavaThread "ForkJoinPool-3-worker-0" daemon [_thread_blocked, id=10900, stack(0x0000000022db0000,0x0000000022eb0000)]
  0x000000001a6be800 JavaThread "ForkJoinPool-3-worker-1" daemon [_thread_blocked, id=2720, stack(0x0000000022cb0000,0x0000000022db0000)]
  0x000000001a6bf800 JavaThread "WorkerExecutor Queue Thread 2" [_thread_blocked, id=11884, stack(0x00000000225d0000,0x00000000226d0000)]
  0x000000001a6bd000 JavaThread "WorkerExecutor Queue" [_thread_blocked, id=12956, stack(0x00000000224d0000,0x00000000225d0000)]
  0x000000001a6bc800 JavaThread "Cache worker for execution history cache (C:\Users\user\AndroidStudioProjects\MonitoringLansia\.gradle\5.6.4\executionHistory)" [_thread_blocked, id=8384, stack(0x00000000223d0000,0x00000000224d0000)]
  0x00000000163f7000 JavaThread "Execution worker for ':'" [_thread_blocked, id=13616, stack(0x00000000222d0000,0x00000000223d0000)]
  0x00000000163f4000 JavaThread "Cache worker for file content cache (C:\Users\user\AndroidStudioProjects\MonitoringLansia\.gradle\5.6.4\fileContent)" [_thread_blocked, id=3332, stack(0x00000000221d0000,0x00000000222d0000)]
  0x00000000163f9800 JavaThread "Cache worker for file content cache (C:\Users\user\.gradle\caches\5.6.4\fileContent)" [_thread_blocked, id=4220, stack(0x00000000220d0000,0x00000000221d0000)]
  0x00000000199f0800 JavaThread "Cache worker for Build Output Cleanup Cache (C:\Users\user\AndroidStudioProjects\MonitoringLansia\.gradle\buildOutputCleanup)" [_thread_blocked, id=10080, stack(0x0000000021fd0000,0x00000000220d0000)]
  0x00000000199ee800 JavaThread "pool-3-thread-1" [_thread_blocked, id=152, stack(0x0000000021ed0000,0x0000000021fd0000)]
  0x00000000199f0000 JavaThread "Build operations Thread 2" [_thread_blocked, id=12560, stack(0x0000000021dd0000,0x0000000021ed0000)]
  0x00000000199ed800 JavaThread "Build operations" [_thread_blocked, id=10372, stack(0x0000000021cd0000,0x0000000021dd0000)]
  0x00000000199ef000 JavaThread "Cache worker for cache directory md-rule (C:\Users\user\.gradle\caches\5.6.4\md-rule)" [_thread_blocked, id=1168, stack(0x0000000021bd0000,0x0000000021cd0000)]
  0x00000000199e6000 JavaThread "Cache worker for cache directory md-supplier (C:\Users\user\.gradle\caches\5.6.4\md-supplier)" [_thread_blocked, id=13408, stack(0x0000000021ad0000,0x0000000021bd0000)]
  0x00000000199ed000 JavaThread "Cache worker for file hash cache (C:\Users\user\AndroidStudioProjects\MonitoringLansia\.gradle\5.6.4\fileHashes)" [_thread_blocked, id=2088, stack(0x00000000219d0000,0x0000000021ad0000)]
  0x00000000199ec000 JavaThread "Thread-26" [_thread_blocked, id=2360, stack(0x00000000218d0000,0x00000000219d0000)]
  0x00000000199eb800 JavaThread "Asynchronous log dispatcher for DefaultDaemonConnection: socket connection from /127.0.0.1:52113 to /127.0.0.1:52129" [_thread_blocked, id=12648, stack(0x00000000216d0000,0x00000000217d0000)]
  0x00000000199e3000 JavaThread "Daemon worker Thread 2" [_thread_blocked, id=13836, stack(0x00000000215d0000,0x00000000216d0000)]
  0x00000000199e8800 JavaThread "Cancel handler" [_thread_blocked, id=12020, stack(0x00000000214d0000,0x00000000215d0000)]
  0x00000000199e4000 JavaThread "Handler for socket connection from /127.0.0.1:52113 to /127.0.0.1:52129" [_thread_in_native, id=12048, stack(0x00000000213d0000,0x00000000214d0000)]
  0x00000000199e9000 JavaThread "Daemon Thread 2" [_thread_blocked, id=10356, stack(0x00000000212d0000,0x00000000213d0000)]
  0x00000000199ea000 JavaThread "Memory manager" [_thread_blocked, id=5016, stack(0x00000000205d0000,0x00000000206d0000)]
  0x00000000163fb000 JavaThread "Cache worker for execution history cache (C:\Users\user\.gradle\caches\5.6.4\executionHistory)" [_thread_blocked, id=11748, stack(0x000000001c130000,0x000000001c230000)]
  0x00000000163f8000 JavaThread "Cache worker for journal cache (C:\Users\user\.gradle\caches\journal-1)" [_thread_blocked, id=14276, stack(0x0000000019290000,0x0000000019390000)]
  0x00000000163f5000 JavaThread "File lock request listener" [_thread_in_native, id=11684, stack(0x0000000019190000,0x0000000019290000)]
  0x00000000168b8000 JavaThread "Cache worker for file hash cache (C:\Users\user\.gradle\caches\5.6.4\fileHashes)" [_thread_blocked, id=2044, stack(0x0000000019090000,0x0000000019190000)]
  0x000000001758d800 JavaThread "Daemon periodic checks" [_thread_blocked, id=11672, stack(0x0000000018490000,0x0000000018590000)]
  0x0000000017529000 JavaThread "Incoming local TCP Connector on port 52113" [_thread_in_native, id=8700, stack(0x0000000018250000,0x0000000018350000)]
  0x0000000017456800 JavaThread "Daemon health stats" [_thread_blocked, id=12456, stack(0x0000000017c10000,0x0000000017d10000)]
  0x0000000014c89800 JavaThread "Service Thread" daemon [_thread_blocked, id=2876, stack(0x0000000015e40000,0x0000000015f40000)]
  0x0000000014c61000 JavaThread "C1 CompilerThread1" daemon [_thread_blocked, id=4228, stack(0x0000000015d40000,0x0000000015e40000)]
  0x0000000014c08000 JavaThread "C2 CompilerThread0" daemon [_thread_blocked, id=12360, stack(0x0000000015c40000,0x0000000015d40000)]
  0x0000000014c16000 JavaThread "Attach Listener" daemon [_thread_blocked, id=12244, stack(0x0000000015b40000,0x0000000015c40000)]
  0x0000000014c12800 JavaThread "Signal Dispatcher" daemon [_thread_blocked, id=1608, stack(0x0000000015a40000,0x0000000015b40000)]
  0x00000000044e9000 JavaThread "Finalizer" daemon [_thread_blocked, id=10564, stack(0x0000000015850000,0x0000000015950000)]
  0x0000000014bf7000 JavaThread "Reference Handler" daemon [_thread_blocked, id=11156, stack(0x0000000015750000,0x0000000015850000)]
  0x00000000043f3800 JavaThread "main" [_thread_blocked, id=8604, stack(0x0000000004200000,0x0000000004300000)]

Other Threads:
  0x0000000014bd4800 VMThread [stack: 0x0000000015650000,0x0000000015750000] [id=2664]
  0x0000000014c8c000 WatcherThread [stack: 0x0000000015f40000,0x0000000016040000] [id=8472]

=>0x0000000004409000 (exited) GCTaskThread [stack: 0x00000000138b0000,0x00000000139b0000] [id=13020]

VM state:at safepoint (normal execution)

VM Mutex/Monitor currently owned by a thread:  ([mutex/lock_event])
[0x00000000043f01d0] Threads_lock - owner thread: 0x0000000014bd4800
[0x00000000043f03d0] Heap_lock - owner thread: 0x000000001a6b8800

heap address: 0x00000000f0000000, size: 256 MB, Compressed Oops mode: 32-bit
Narrow klass base: 0x0000000000000000, Narrow klass shift: 3
Compressed class space size: 1073741824 Address: 0x0000000100000000

Heap:
 PSYoungGen      total 57344K, used 32768K [0x00000000fab00000, 0x0000000100000000, 0x0000000100000000)
  eden space 32768K, 100% used [0x00000000fab00000,0x00000000fcb00000,0x00000000fcb00000)
  from space 24576K, 0% used [0x00000000fcb00000,0x00000000fcb00000,0x00000000fe300000)
  to   space 25088K, 0% used [0x00000000fe780000,0x00000000fe780000,0x0000000100000000)
 ParOldGen       total 175104K, used 174803K [0x00000000f0000000, 0x00000000fab00000, 0x00000000fab00000)
  object space 175104K, 99% used [0x00000000f0000000,0x00000000faab4f48,0x00000000fab00000)
 Metaspace       used 85025K, capacity 88144K, committed 90112K, reserved 1126400K
  class space    used 11226K, capacity 11879K, committed 12288K, reserved 1048576K

Card table byte_map: [0x0000000002960000,0x00000000029f0000] byte_map_base: 0x00000000021e0000

Marking Bits: (ParMarkBitMap*) 0x0000000072a79f30
 Begin Bits: [0x0000000013ab0000, 0x0000000013eb0000)
 End Bits:   [0x0000000013eb0000, 0x00000000142b0000)

Polling page: 0x00000000001f0000

CodeCache: size=245760Kb used=37785Kb max_used=37915Kb free=207974Kb
 bounds [0x00000000044f0000, 0x0000000006a30000, 0x00000000134f0000]
 total_blobs=11971 nmethods=11108 adapters=775
 compilation: enabled

Compilation events (10 events):
Event: 221.725 Thread 0x0000000014c08000 nmethod 13023 0x00000000049d1b50 code [0x00000000049d1ca0, 0x00000000049d1d78]
Event: 221.726 Thread 0x0000000014c08000 12882       4       com.android.tools.r8.dex.j::h (23 bytes)
Event: 222.654 Thread 0x0000000014c08000 nmethod 12882 0x00000000052e3390 code [0x00000000052e34e0, 0x00000000052e3608]
Event: 224.823 Thread 0x0000000014c08000 13048       4       com.android.tools.r8.graph.B0::D (8 bytes)
Event: 224.824 Thread 0x0000000014c08000 nmethod 13048 0x0000000006863250 code [0x0000000006863380, 0x00000000068633f8]
Event: 224.826 Thread 0x0000000014c08000 13020       4       com.android.tools.r8.graph.S::<init> (130 bytes)
Event: 225.679 Thread 0x0000000014c08000 nmethod 13020 0x0000000004619910 code [0x0000000004619a60, 0x0000000004619b18]
Event: 225.680 Thread 0x0000000014c08000 13036       4       com.android.tools.r8.dex.j$$Lambda$529/152366932::get (4 bytes)
Event: 225.681 Thread 0x0000000014c08000 nmethod 13036 0x00000000050795d0 code [0x0000000005079700, 0x0000000005079778]
Event: 226.487 Thread 0x0000000014c08000 13045       4       com.android.tools.r8.graph.E::<init> (46 bytes)

GC Heap History (10 events):
Event: 224.823 GC heap after
Heap after GC invocations=69 (full 28):
 PSYoungGen      total 57344K, used 32725K [0x00000000fab00000, 0x0000000100000000, 0x0000000100000000)
  eden space 32768K, 99% used [0x00000000fab00000,0x00000000fcaf5400,0x00000000fcb00000)
  from space 24576K, 0% used [0x00000000fcb00000,0x00000000fcb00000,0x00000000fe300000)
  to   space 25088K, 0% used [0x00000000fe780000,0x00000000fe780000,0x0000000100000000)
 ParOldGen       total 175104K, used 174836K [0x00000000f0000000, 0x00000000fab00000, 0x00000000fab00000)
  object space 175104K, 99% used [0x00000000f0000000,0x00000000faabd020,0x00000000fab00000)
 Metaspace       used 85028K, capacity 88150K, committed 90112K, reserved 1126400K
  class space    used 11226K, capacity 11880K, committed 12288K, reserved 1048576K
}
Event: 224.826 GC heap before
{Heap before GC invocations=70 (full 29):
 PSYoungGen      total 57344K, used 32768K [0x00000000fab00000, 0x0000000100000000, 0x0000000100000000)
  eden space 32768K, 100% used [0x00000000fab00000,0x00000000fcb00000,0x00000000fcb00000)
  from space 24576K, 0% used [0x00000000fcb00000,0x00000000fcb00000,0x00000000fe300000)
  to   space 25088K, 0% used [0x00000000fe780000,0x00000000fe780000,0x0000000100000000)
 ParOldGen       total 175104K, used 174836K [0x00000000f0000000, 0x00000000fab00000, 0x00000000fab00000)
  object space 175104K, 99% used [0x00000000f0000000,0x00000000faabd020,0x00000000fab00000)
 Metaspace       used 85029K, capacity 88150K, committed 90112K, reserved 1126400K
  class space    used 11226K, capacity 11880K, committed 12288K, reserved 1048576K
Event: 225.678 GC heap after
Heap after GC invocations=70 (full 29):
 PSYoungGen      total 57344K, used 32725K [0x00000000fab00000, 0x0000000100000000, 0x0000000100000000)
  eden space 32768K, 99% used [0x00000000fab00000,0x00000000fcaf5760,0x00000000fcb00000)
  from space 24576K, 0% used [0x00000000fcb00000,0x00000000fcb00000,0x00000000fe300000)
  to   space 25088K, 0% used [0x00000000fe780000,0x00000000fe780000,0x0000000100000000)
 ParOldGen       total 175104K, used 174835K [0x00000000f0000000, 0x00000000fab00000, 0x00000000fab00000)
  object space 175104K, 99% used [0x00000000f0000000,0x00000000faabce98,0x00000000fab00000)
 Metaspace       used 85029K, capacity 88150K, committed 90112K, reserved 1126400K
  class space    used 11226K, capacity 11880K, committed 12288K, reserved 1048576K
}
Event: 225.682 GC heap before
{Heap before GC invocations=71 (full 30):
 PSYoungGen      total 57344K, used 32768K [0x00000000fab00000, 0x0000000100000000, 0x0000000100000000)
  eden space 32768K, 100% used [0x00000000fab00000,0x00000000fcb00000,0x00000000fcb00000)
  from space 24576K, 0% used [0x00000000fcb00000,0x00000000fcb00000,0x00000000fe300000)
  to   space 25088K, 0% used [0x00000000fe780000,0x00000000fe780000,0x0000000100000000)
 ParOldGen       total 175104K, used 174835K [0x00000000f0000000, 0x00000000fab00000, 0x00000000fab00000)
  object space 175104K, 99% used [0x00000000f0000000,0x00000000faabce98,0x00000000fab00000)
 Metaspace       used 85029K, capacity 88150K, committed 90112K, reserved 1126400K
  class space    used 11226K, capacity 11880K, committed 12288K, reserved 1048576K
Event: 226.487 GC heap after
Heap after GC invocations=71 (full 30):
 PSYoungGen      total 57344K, used 32747K [0x00000000fab00000, 0x0000000100000000, 0x0000000100000000)
  eden space 32768K, 99% used [0x00000000fab00000,0x00000000fcafac18,0x00000000fcb00000)
  from space 24576K, 0% used [0x00000000fcb00000,0x00000000fcb00000,0x00000000fe300000)
  to   space 25088K, 0% used [0x00000000fe780000,0x00000000fe780000,0x0000000100000000)
 ParOldGen       total 175104K, used 174835K [0x00000000f0000000, 0x00000000fab00000, 0x00000000fab00000)
  object space 175104K, 99% used [0x00000000f0000000,0x00000000faabce98,0x00000000fab00000)
 Metaspace       used 85029K, capacity 88150K, committed 90112K, reserved 1126400K
  class space    used 11226K, capacity 11880K, committed 12288K, reserved 1048576K
}
Event: 226.491 GC heap before
{Heap before GC invocations=72 (full 31):
 PSYoungGen      total 57344K, used 32768K [0x00000000fab00000, 0x0000000100000000, 0x0000000100000000)
  eden space 32768K, 100% used [0x00000000fab00000,0x00000000fcb00000,0x00000000fcb00000)
  from space 24576K, 0% used [0x00000000fcb00000,0x00000000fcb00000,0x00000000fe300000)
  to   space 25088K, 0% used [0x00000000fe780000,0x00000000fe780000,0x0000000100000000)
 ParOldGen       total 175104K, used 174835K [0x00000000f0000000, 0x00000000fab00000, 0x00000000fab00000)
  object space 175104K, 99% used [0x00000000f0000000,0x00000000faabce98,0x00000000fab00000)
 Metaspace       used 85029K, capacity 88150K, committed 90112K, reserved 1126400K
  class space    used 11226K, capacity 11880K, committed 12288K, reserved 1048576K
Event: 227.560 GC heap after
Heap after GC invocations=72 (full 31):
 PSYoungGen      total 57344K, used 32756K [0x00000000fab00000, 0x0000000100000000, 0x0000000100000000)
  eden space 32768K, 99% used [0x00000000fab00000,0x00000000fcafd328,0x00000000fcb00000)
  from space 24576K, 0% used [0x00000000fcb00000,0x00000000fcb00000,0x00000000fe300000)
  to   space 25088K, 0% used [0x00000000fe780000,0x00000000fe780000,0x0000000100000000)
 ParOldGen       total 175104K, used 174803K [0x00000000f0000000, 0x00000000fab00000, 0x00000000fab00000)
  object space 175104K, 99% used [0x00000000f0000000,0x00000000faab4f48,0x00000000fab00000)
 Metaspace       used 85025K, capacity 88144K, committed 90112K, reserved 1126400K
  class space    used 11226K, capacity 11879K, committed 12288K, reserved 1048576K
}
Event: 227.561 GC heap before
{Heap before GC invocations=73 (full 32):
 PSYoungGen      total 57344K, used 32768K [0x00000000fab00000, 0x0000000100000000, 0x0000000100000000)
  eden space 32768K, 100% used [0x00000000fab00000,0x00000000fcb00000,0x00000000fcb00000)
  from space 24576K, 0% used [0x00000000fcb00000,0x00000000fcb00000,0x00000000fe300000)
  to   space 25088K, 0% used [0x00000000fe780000,0x00000000fe780000,0x0000000100000000)
 ParOldGen       total 175104K, used 174803K [0x00000000f0000000, 0x00000000fab00000, 0x00000000fab00000)
  object space 175104K, 99% used [0x00000000f0000000,0x00000000faab4f48,0x00000000fab00000)
 Metaspace       used 85025K, capacity 88144K, committed 90112K, reserved 1126400K
  class space    used 11226K, capacity 11879K, committed 12288K, reserved 1048576K
Event: 228.386 GC heap after
Heap after GC invocations=73 (full 32):
 PSYoungGen      total 57344K, used 32761K [0x00000000fab00000, 0x0000000100000000, 0x0000000100000000)
  eden space 32768K, 99% used [0x00000000fab00000,0x00000000fcafe7d0,0x00000000fcb00000)
  from space 24576K, 0% used [0x00000000fcb00000,0x00000000fcb00000,0x00000000fe300000)
  to   space 25088K, 0% used [0x00000000fe780000,0x00000000fe780000,0x0000000100000000)
 ParOldGen       total 175104K, used 174803K [0x00000000f0000000, 0x00000000fab00000, 0x00000000fab00000)
  object space 175104K, 99% used [0x00000000f0000000,0x00000000faab4f48,0x00000000fab00000)
 Metaspace       used 85025K, capacity 88144K, committed 90112K, reserved 1126400K
  class space    used 11226K, capacity 11879K, committed 12288K, reserved 1048576K
}
Event: 228.387 GC heap before
{Heap before GC invocations=74 (full 33):
 PSYoungGen      total 57344K, used 32768K [0x00000000fab00000, 0x0000000100000000, 0x0000000100000000)
  eden space 32768K, 100% used [0x00000000fab00000,0x00000000fcb00000,0x00000000fcb00000)
  from space 24576K, 0% used [0x00000000fcb00000,0x00000000fcb00000,0x00000000fe300000)
  to   space 25088K, 0% used [0x00000000fe780000,0x00000000fe780000,0x0000000100000000)
 ParOldGen       total 175104K, used 174803K [0x00000000f0000000, 0x00000000fab00000, 0x00000000fab00000)
  object space 175104K, 99% used [0x00000000f0000000,0x00000000faab4f48,0x00000000fab00000)
 Metaspace       used 85025K, capacity 88144K, committed 90112K, reserved 1126400K
  class space    used 11226K, capacity 11879K, committed 12288K, reserved 1048576K

Deoptimization events (10 events):
Event: 195.633 Thread 0x000000001a6b8800 Uncommon trap: reason=unstable_if action=reinterpret pc=0x00000000068b29cc method=com.android.tools.r8.v.a.a.a.f.c0.get(I)Ljava/lang/Object; @ 1
Event: 196.289 Thread 0x000000001a6b8800 Uncommon trap: reason=unstable_if action=reinterpret pc=0x00000000068fff3c method=com.android.tools.r8.graph.b0.computeEquals(Ljava/lang/Object;)Z @ 37
Event: 196.301 Thread 0x000000001a6b8800 Uncommon trap: reason=unloaded action=reinterpret pc=0x0000000006953038 method=com.android.tools.r8.code.o1.a(Ljava/nio/ShortBuffer;IILcom/android/tools/r8/graph/F0;)[Lcom/android/tools/r8/code/n1; @ 1556
Event: 197.252 Thread 0x000000001a6bd000 Uncommon trap: reason=unstable_if action=reinterpret pc=0x00000000067746a8 method=com.android.tools.build.apkzlib.zip.EncodeUtils.flagsCharset(Lcom/android/tools/build/apkzlib/zip/GPFlags;)Ljava/nio/charset/Charset; @ 4
Event: 203.416 Thread 0x000000001a6bd000 Uncommon trap: reason=unstable_if action=reinterpret pc=0x000000000604d390 method=java.util.stream.StreamOpFlag.getMask(I)I @ 1
Event: 204.820 Thread 0x000000001a6bd000 Uncommon trap: reason=unstable_if action=reinterpret pc=0x00000000067a9b50 method=java.util.regex.Pattern$SliceU.match(Ljava/util/regex/Matcher;ILjava/lang/CharSequence;)Z @ 74
Event: 204.892 Thread 0x000000001a6bd000 Uncommon trap: reason=unstable_if action=reinterpret pc=0x000000000611b224 method=sun.nio.fs.WindowsPath.getFileName()Ljava/nio/file/Path; @ 45
Event: 204.901 Thread 0x000000001a6bd000 Uncommon trap: reason=unstable_if action=reinterpret pc=0x0000000005c2e8f8 method=java.lang.String.indexOf([CII[CIII)I @ 27
Event: 206.087 Thread 0x000000001a6bd000 Uncommon trap: reason=unstable_if action=reinterpret pc=0x000000000471e3b0 method=java.lang.String.indexOf([CII[CIII)I @ 27
Event: 207.974 Thread 0x000000001a6bd000 Uncommon trap: reason=unstable_if action=reinterpret pc=0x00000000063939fc method=com.android.builder.files.RelativeFile.equals(Ljava/lang/Object;)Z @ 39

Classes redefined (0 events):
No events

Internal exceptions (10 events):
Event: 180.758 Thread 0x00000000199e3000 Exception <a 'java/lang/NoSuchMethodError': <clinit>> (0x00000000fbbf9ae8) thrown at [D:\src\AOSP-openjdk-cygwin\jdk8u\hotspot\src\share\vm\prims\jni.cpp, line 1614]
Event: 185.195 Thread 0x00000000199e3000 Exception <a 'java/lang/NoSuchMethodError': <clinit>> (0x00000000fb6bda80) thrown at [D:\src\AOSP-openjdk-cygwin\jdk8u\hotspot\src\share\vm\prims\jni.cpp, line 1614]
Event: 185.200 Thread 0x00000000199e3000 Exception <a 'java/lang/NoSuchMethodError': <clinit>> (0x00000000fb6d7678) thrown at [D:\src\AOSP-openjdk-cygwin\jdk8u\hotspot\src\share\vm\prims\jni.cpp, line 1614]
Event: 185.206 Thread 0x00000000199e3000 Exception <a 'java/lang/NoSuchMethodError': <clinit>> (0x00000000fb6fa230) thrown at [D:\src\AOSP-openjdk-cygwin\jdk8u\hotspot\src\share\vm\prims\jni.cpp, line 1614]
Event: 185.422 Thread 0x000000001a6bd000 Exception <a 'java/lang/NoSuchMethodError': java.lang.Object.lambda$asRunnable$0(Lcom/android/tools/build/apkzlib/utils/IOExceptionRunnable;)V> (0x00000000fb9f4e90) thrown at [D:\src\AOSP-openjdk-cygwin\jdk8u\hotspot\src\share\vm\interpreter\linkResolver.
Event: 185.920 Thread 0x000000001a6bd000 Exception <a 'java/lang/NoSuchMethodError': java.lang.Object.newSystemTemporaryDirectory()Lcom/android/tools/build/apkzlib/bytestorage/TemporaryDirectory;> (0x00000000fc017a70) thrown at [D:\src\AOSP-openjdk-cygwin\jdk8u\hotspot\src\share\vm\interpreter\l
Event: 187.894 Thread 0x00000000163f7000 Exception <a 'java/lang/NoSuchMethodError': <clinit>> (0x00000000fc033250) thrown at [D:\src\AOSP-openjdk-cygwin\jdk8u\hotspot\src\share\vm\prims\jni.cpp, line 1614]
Event: 189.705 Thread 0x000000001a6bd000 Implicit null exception at 0x0000000006773af3 to 0x0000000006773c89
Event: 192.538 Thread 0x000000001a6bf800 Exception <a 'sun/nio/fs/WindowsException'> (0x00000000fb2a5a18) thrown at [D:\src\AOSP-openjdk-cygwin\jdk8u\hotspot\src\share\vm\prims\jni.cpp, line 710]
Event: 195.619 Thread 0x000000001a6b8800 Implicit null exception at 0x000000000504daaf to 0x000000000504dbad

Events (10 events):
Event: 225.681 Thread 0x0000000014c08000 flushing nmethod 0x0000000005c2f1d0
Event: 225.681 Thread 0x0000000014c08000 flushing nmethod 0x0000000005c64210
Event: 225.681 Thread 0x0000000014c08000 flushing nmethod 0x0000000005d6cdd0
Event: 225.682 Executing VM operation: ParallelGCFailedAllocation
Event: 226.487 Executing VM operation: ParallelGCFailedAllocation done
Event: 226.490 Executing VM operation: ParallelGCFailedAllocation
Event: 227.560 Executing VM operation: ParallelGCFailedAllocation done
Event: 227.561 Executing VM operation: ParallelGCFailedAllocation
Event: 228.387 Executing VM operation: ParallelGCFailedAllocation done
Event: 228.387 Executing VM operation: ParallelGCFailedAllocation


Dynamic libraries:
0x00007ff71b0f0000 - 0x00007ff71b121000 	C:\Program Files\Android\Android Studio\jre\bin\java.exe
0x00007ffe3dae0000 - 0x00007ffe3dcc0000 	C:\Windows\SYSTEM32\ntdll.dll
0x00007ffe3da00000 - 0x00007ffe3daae000 	C:\Windows\System32\KERNEL32.DLL
0x00007ffe3acc0000 - 0x00007ffe3af26000 	C:\Windows\System32\KERNELBASE.dll
0x00007ffe3afb0000 - 0x00007ffe3b051000 	C:\Windows\System32\ADVAPI32.dll
0x00007ffe3cae0000 - 0x00007ffe3cb7d000 	C:\Windows\System32\msvcrt.dll
0x00007ffe3c870000 - 0x00007ffe3c8cb000 	C:\Windows\System32\sechost.dll
0x00007ffe3d350000 - 0x00007ffe3d46f000 	C:\Windows\System32\RPCRT4.dll
0x00007ffe3b100000 - 0x00007ffe3b28f000 	C:\Windows\System32\USER32.dll
0x00007ffe3a780000 - 0x00007ffe3a7a0000 	C:\Windows\System32\win32u.dll
0x00007ffe3b290000 - 0x00007ffe3b2b8000 	C:\Windows\System32\GDI32.dll
0x00007ffe3a950000 - 0x00007ffe3aae3000 	C:\Windows\System32\gdi32full.dll
0x00007ffe39ee0000 - 0x00007ffe39f7b000 	C:\Windows\System32\msvcp_win.dll
0x00007ffe3a7a0000 - 0x00007ffe3a894000 	C:\Windows\System32\ucrtbase.dll
0x00007ffe2c420000 - 0x00007ffe2c689000 	C:\Windows\WinSxS\amd64_microsoft.windows.common-controls_6595b64144ccf1df_6.0.16299.1087_none_0f9074b65a6589b7\COMCTL32.dll
0x00007ffe3d480000 - 0x00007ffe3d786000 	C:\Windows\System32\combase.dll
0x00007ffe3af30000 - 0x00007ffe3afa2000 	C:\Windows\System32\bcryptPrimitives.dll
0x00007ffe3c9a0000 - 0x00007ffe3c9cd000 	C:\Windows\System32\IMM32.DLL
0x00000000721d0000 - 0x00000000722a2000 	C:\Program Files\Android\Android Studio\jre\jre\bin\msvcr100.dll
0x00000000722b0000 - 0x0000000072af6000 	C:\Program Files\Android\Android Studio\jre\jre\bin\server\jvm.dll
0x00007ffe3d790000 - 0x00007ffe3d798000 	C:\Windows\System32\PSAPI.DLL
0x00007ffe33440000 - 0x00007ffe33449000 	C:\Windows\SYSTEM32\WSOCK32.dll
0x00007ffe36f10000 - 0x00007ffe36f33000 	C:\Windows\SYSTEM32\WINMM.dll
0x00007ffe3c930000 - 0x00007ffe3c99c000 	C:\Windows\System32\WS2_32.dll
0x00007ffe33700000 - 0x00007ffe3370a000 	C:\Windows\SYSTEM32\VERSION.dll
0x00007ffe36eb0000 - 0x00007ffe36eda000 	C:\Windows\SYSTEM32\WINMMBASE.dll
0x00007ffe3a8a0000 - 0x00007ffe3a8ea000 	C:\Windows\System32\cfgmgr32.dll
0x00007ffe32100000 - 0x00007ffe3210f000 	C:\Program Files\Android\Android Studio\jre\jre\bin\verify.dll
0x00007ffe17d70000 - 0x00007ffe17d99000 	C:\Program Files\Android\Android Studio\jre\jre\bin\java.dll
0x00007ffe22480000 - 0x00007ffe22496000 	C:\Program Files\Android\Android Studio\jre\jre\bin\zip.dll
0x00007ffe3b340000 - 0x00007ffe3c778000 	C:\Windows\System32\SHELL32.dll
0x00007ffe3d2a0000 - 0x00007ffe3d346000 	C:\Windows\System32\shcore.dll
0x00007ffe39f80000 - 0x00007ffe3a6c7000 	C:\Windows\System32\windows.storage.dll
0x00007ffe3d9a0000 - 0x00007ffe3d9f1000 	C:\Windows\System32\shlwapi.dll
0x00007ffe39e50000 - 0x00007ffe39e61000 	C:\Windows\System32\kernel.appcore.dll
0x00007ffe39e70000 - 0x00007ffe39ebc000 	C:\Windows\System32\powrprof.dll
0x00007ffe39ec0000 - 0x00007ffe39edb000 	C:\Windows\System32\profapi.dll
0x00007ffe20840000 - 0x00007ffe2085a000 	C:\Program Files\Android\Android Studio\jre\jre\bin\net.dll
0x00007ffe309e0000 - 0x00007ffe30ba9000 	C:\Windows\SYSTEM32\urlmon.dll
0x00007ffe3c780000 - 0x00007ffe3c79d000 	C:\Windows\System32\imagehlp.dll
0x00007ffe30ea0000 - 0x00007ffe3113f000 	C:\Windows\SYSTEM32\iertutil.dll
0x00007ffe39840000 - 0x00007ffe3984b000 	C:\Windows\SYSTEM32\CRYPTBASE.DLL
0x00007ffe39660000 - 0x00007ffe396c6000 	C:\Windows\system32\mswsock.dll
0x00007ffe1e830000 - 0x00007ffe1e843000 	C:\Program Files\Android\Android Studio\jre\jre\bin\nio.dll
0x00007ffe33270000 - 0x00007ffe33296000 	C:\Users\user\.gradle\native\30\windows-amd64\native-platform.dll
0x00007ffe31f50000 - 0x00007ffe31f5d000 	C:\Program Files\Android\Android Studio\jre\jre\bin\management.dll
0x00007ffe39820000 - 0x00007ffe39837000 	C:\Windows\SYSTEM32\CRYPTSP.dll
0x00007ffe39260000 - 0x00007ffe39293000 	C:\Windows\system32\rsaenh.dll
0x00007ffe39930000 - 0x00007ffe39955000 	C:\Windows\SYSTEM32\bcrypt.dll
0x00007ffe39d30000 - 0x00007ffe39d59000 	C:\Windows\SYSTEM32\USERENV.dll
0x00007ffe393f0000 - 0x00007ffe39429000 	C:\Windows\SYSTEM32\IPHLPAPI.DLL
0x00007ffe3d470000 - 0x00007ffe3d478000 	C:\Windows\System32\NSI.dll
0x00007ffe340a0000 - 0x00007ffe340b6000 	C:\Windows\SYSTEM32\dhcpcsvc6.DLL
0x00007ffe340e0000 - 0x00007ffe340fa000 	C:\Windows\SYSTEM32\dhcpcsvc.DLL
0x00007ffe2cfc0000 - 0x00007ffe2d188000 	C:\Windows\SYSTEM32\dbghelp.dll

VM Arguments:
jvm_args: -Xmx1536m -Dfile.encoding=windows-1252 -Duser.country=ID -Duser.language=en -Duser.variant -Xmx256M 
java_command: org.gradle.launcher.daemon.bootstrap.GradleDaemon 5.6.4
java_class_path (initial): C:\Users\user\.gradle\wrapper\dists\gradle-5.6.4-all\ankdp27end7byghfw1q2sw75f\gradle-5.6.4\lib\gradle-launcher-5.6.4.jar
Launcher Type: SUN_STANDARD

Environment Variables:
JAVA_HOME=C:\Program Files\Java\jdk1.8.0_251
_JAVA_OPTIONS=-Xmx256M
CLASSPATH=C:\Program Files\Java\jdk1.8.0_251\bin;C:\Program Files\Java\jre1.8.0_251\bin
USERNAME=user
OS=Windows_NT
PROCESSOR_IDENTIFIER=AMD64 Family 21 Model 112 Stepping 0, AuthenticAMD



---------------  S Y S T E M  ---------------

OS: Windows 10.0 , 64 bit Build 16299 (10.0.16299.1087)

CPU:total 2 (initial active 2) (2 cores per cpu, 1 threads per core) family 21 model 112 stepping 0, cmov, cx8, fxsr, mmx, sse, sse2, sse3, ssse3, sse4.1, sse4.2, popcnt, avx, avx2, aes, clmul, mmxext, 3dnowpref, lzcnt, sse4a, tsc, tscinvbit, tscinv, bmi1

Memory: 4k page, physical 3997672k(586256k free), swap 8978408k(3868984k free)

vm_info: OpenJDK 64-Bit Server VM (25.212-b04) for windows-amd64 JRE (1.8.0_212-release-1586-b04), built by "builder" with MS VC++ 10.0 (VS2010)

time: Thu Jul 23 16:32:31 2020
timezone: SE Asia Standard Time
elapsed time: 228 seconds (0d 0h 3m 48s)

